<?xml version="1.0" encoding="UTF-8"?>
<!-- Generated by org.testng.reporters.JUnitXMLReporter -->
<testsuite ignored="0" hostname="DESKTOP-JH4MHNO" failures="0" tests="3" name="Default test" time="65.207" errors="0" timestamp="2023-06-14T11:12:53 IST">
  <testcase classname="hmsadmin.bloodtest" name="getbloodexcel" time="6.111"/>
  <testcase classname="hmsadmin.bloodtest" name="getbloodexcel" time="5.298"/>
  <testcase classname="hmsadmin.bloodtest" name="getbloodexcel" time="5.403"/>
</testsuite> <!-- Default test -->
